TN:
SF:plugins/claude/plugin.js
FN:1,(anonymous_0)
FN:6,lineText
FN:12,lineProgress
FN:19,lineBadge
FN:25,formatPlanLabel
FN:28,(anonymous_5)
FN:33,loadCredentials
FN:57,dollarsFromCents
FN:62,formatResetIn
FN:76,getResetInFromIso
FN:84,probe
FNF:11
FNH:11
FNDA:10,(anonymous_0)
FNDA:6,lineText
FNDA:7,lineProgress
FNDA:9,lineBadge
FNDA:2,formatPlanLabel
FNDA:2,(anonymous_5)
FNDA:11,loadCredentials
FNDA:3,dollarsFromCents
FNDA:5,formatResetIn
FNDA:6,getResetInFromIso
FNDA:11,probe
DA:1,10
DA:2,10
DA:3,10
DA:4,10
DA:7,6
DA:8,6
DA:9,6
DA:13,7
DA:14,7
DA:15,7
DA:16,7
DA:20,9
DA:21,9
DA:22,9
DA:26,2
DA:27,2
DA:28,2
DA:29,2
DA:34,11
DA:35,9
DA:36,9
DA:37,9
DA:38,9
DA:39,9
DA:44,3
DA:45,3
DA:46,3
DA:47,2
DA:48,2
DA:49,2
DA:54,2
DA:58,3
DA:59,3
DA:63,5
DA:64,5
DA:65,5
DA:66,5
DA:67,5
DA:68,5
DA:70,5
DA:71,2
DA:72,2
DA:73,1
DA:77,6
DA:78,6
DA:79,6
DA:80,5
DA:81,5
DA:85,11
DA:86,11
DA:87,2
DA:91,9
DA:92,9
DA:105,1
DA:108,8
DA:109,1
DA:111,7
DA:112,1
DA:116,6
DA:117,6
DA:119,1
DA:122,5
DA:123,5
DA:124,2
DA:125,2
DA:126,2
DA:130,5
DA:131,2
DA:132,2
DA:133,2
DA:135,5
DA:136,2
DA:137,2
DA:138,2
DA:140,5
DA:141,1
DA:142,1
DA:143,1
DA:145,5
DA:146,1
DA:147,1
DA:148,1
DA:151,5
DA:152,2
DA:153,2
DA:154,2
DA:155,1
DA:158,1
DA:159,1
DA:163,5
DA:164,1
DA:167,5
DA:170,10
LF:93
LH:93
BRDA:8,0,0,0
BRDA:8,0,1,6
BRDA:14,1,0,7
BRDA:14,1,1,0
BRDA:15,2,0,0
BRDA:15,2,1,7
BRDA:21,3,0,9
BRDA:21,3,1,0
BRDA:26,4,0,2
BRDA:26,4,1,0
BRDA:27,5,0,0
BRDA:27,5,1,2
BRDA:34,6,0,9
BRDA:34,6,1,2
BRDA:39,7,0,8
BRDA:39,7,1,1
BRDA:39,8,0,9
BRDA:39,8,1,8
BRDA:46,9,0,2
BRDA:46,9,1,1
BRDA:49,10,0,1
BRDA:49,10,1,1
BRDA:49,11,0,2
BRDA:49,11,1,1
BRDA:63,12,0,0
BRDA:63,12,1,5
BRDA:63,13,0,5
BRDA:63,13,1,5
BRDA:70,14,0,3
BRDA:70,14,1,2
BRDA:71,15,0,0
BRDA:71,15,1,2
BRDA:72,16,0,1
BRDA:72,16,1,1
BRDA:77,17,0,0
BRDA:77,17,1,6
BRDA:79,18,0,1
BRDA:79,18,1,5
BRDA:86,19,0,2
BRDA:86,19,1,9
BRDA:86,20,0,11
BRDA:86,20,1,9
BRDA:86,20,2,9
BRDA:108,21,0,1
BRDA:108,21,1,7
BRDA:108,22,0,8
BRDA:108,22,1,7
BRDA:111,23,0,1
BRDA:111,23,1,6
BRDA:111,24,0,7
BRDA:111,24,1,7
BRDA:123,25,0,2
BRDA:123,25,1,3
BRDA:125,26,0,2
BRDA:125,26,1,0
BRDA:130,27,0,2
BRDA:130,27,1,3
BRDA:130,28,0,5
BRDA:130,28,1,2
BRDA:133,29,0,2
BRDA:133,29,1,0
BRDA:135,30,0,2
BRDA:135,30,1,3
BRDA:135,31,0,5
BRDA:135,31,1,2
BRDA:138,32,0,2
BRDA:138,32,1,0
BRDA:140,33,0,1
BRDA:140,33,1,4
BRDA:140,34,0,5
BRDA:140,34,1,1
BRDA:143,35,0,1
BRDA:143,35,1,0
BRDA:145,36,0,1
BRDA:145,36,1,4
BRDA:145,37,0,5
BRDA:145,37,1,1
BRDA:148,38,0,0
BRDA:148,38,1,1
BRDA:151,39,0,2
BRDA:151,39,1,3
BRDA:151,40,0,5
BRDA:151,40,1,2
BRDA:154,41,0,1
BRDA:154,41,1,1
BRDA:154,42,0,2
BRDA:154,42,1,2
BRDA:154,42,2,1
BRDA:158,43,0,1
BRDA:158,43,1,0
BRDA:158,44,0,1
BRDA:158,44,1,1
BRDA:163,45,0,1
BRDA:163,45,1,4
BRF:94
BRH:79
end_of_record
TN:
SF:plugins/codex/plugin.js
FN:1,(anonymous_0)
FN:8,lineText
FN:14,lineProgress
FN:21,lineBadge
FN:27,formatPlanLabel
FN:30,(anonymous_5)
FN:35,loadAuth
FN:45,needsRefresh
FN:56,refreshToken
FN:94,fetchUsage
FN:111,readPercent
FN:116,readNumber
FN:121,formatResetIn
FN:135,getResetIn
FN:146,probe
FNF:15
FNH:15
FNDA:13,(anonymous_0)
FNDA:5,lineText
FNDA:8,lineProgress
FNDA:12,lineBadge
FNDA:1,formatPlanLabel
FNDA:1,(anonymous_5)
FNDA:14,loadAuth
FNDA:10,needsRefresh
FNDA:5,refreshToken
FNDA:12,fetchUsage
FNDA:8,readPercent
FNDA:5,readNumber
FNDA:5,formatResetIn
FNDA:6,getResetIn
FNDA:14,probe
DA:1,13
DA:2,13
DA:3,13
DA:4,13
DA:5,13
DA:6,13
DA:9,5
DA:10,5
DA:11,5
DA:15,8
DA:16,8
DA:17,8
DA:18,8
DA:22,12
DA:23,12
DA:24,12
DA:28,1
DA:29,1
DA:30,1
DA:31,1
DA:36,14
DA:37,13
DA:38,13
DA:39,13
DA:41,1
DA:46,10
DA:47,10
DA:48,10
DA:49,10
DA:50,10
DA:52,0
DA:57,5
DA:59,3
DA:60,3
DA:71,3
DA:72,0
DA:75,3
DA:76,3
DA:77,3
DA:79,3
DA:80,3
DA:81,3
DA:82,3
DA:84,3
DA:85,3
DA:88,3
DA:90,0
DA:95,12
DA:100,12
DA:101,1
DA:103,12
DA:112,8
DA:113,8
DA:117,5
DA:118,5
DA:122,5
DA:123,5
DA:124,5
DA:125,5
DA:126,5
DA:127,5
DA:129,5
DA:130,5
DA:131,5
DA:132,0
DA:136,6
DA:137,6
DA:138,0
DA:140,6
DA:141,5
DA:143,1
DA:147,14
DA:148,14
DA:149,2
DA:152,12
DA:153,10
DA:154,10
DA:155,10
DA:157,10
DA:158,2
DA:159,2
DA:163,10
DA:164,10
DA:166,1
DA:169,9
DA:170,3
DA:171,3
DA:172,1
DA:174,2
DA:175,2
DA:177,1
DA:179,1
DA:180,1
DA:184,6
DA:185,1
DA:189,5
DA:190,5
DA:192,1
DA:195,4
DA:196,4
DA:197,4
DA:198,10
DA:199,10
DA:201,10
DA:205,10
DA:206,10
DA:208,10
DA:209,2
DA:210,2
DA:211,2
DA:213,4
DA:214,1
DA:215,1
DA:216,1
DA:219,4
DA:220,1
DA:221,1
DA:222,1
DA:223,1
DA:225,1
DA:226,1
DA:227,1
DA:228,1
DA:232,4
DA:233,1
DA:234,1
DA:235,1
DA:236,1
DA:237,1
DA:241,4
DA:242,4
DA:243,4
DA:244,10
DA:245,1
DA:246,3
DA:247,1
DA:250,4
DA:251,1
DA:252,1
DA:253,1
DA:257,4
DA:258,1
DA:261,4
DA:264,2
DA:265,1
DA:268,1
DA:271,13
LF:147
LH:142
BRDA:10,0,0,0
BRDA:10,0,1,5
BRDA:16,1,0,6
BRDA:16,1,1,2
BRDA:17,2,0,0
BRDA:17,2,1,8
BRDA:23,3,0,12
BRDA:23,3,1,0
BRDA:28,4,0,1
BRDA:28,4,1,0
BRDA:29,5,0,0
BRDA:29,5,1,1
BRDA:36,6,0,1
BRDA:36,6,1,13
BRDA:46,7,0,0
BRDA:46,7,1,10
BRDA:49,8,0,0
BRDA:49,8,1,10
BRDA:57,9,0,2
BRDA:57,9,1,3
BRDA:57,10,0,5
BRDA:57,10,1,5
BRDA:71,11,0,0
BRDA:71,11,1,3
BRDA:71,12,0,3
BRDA:71,12,1,3
BRDA:77,13,0,0
BRDA:77,13,1,3
BRDA:80,14,0,0
BRDA:80,14,1,3
BRDA:81,15,0,0
BRDA:81,15,1,3
BRDA:100,16,0,1
BRDA:100,16,1,11
BRDA:113,17,0,3
BRDA:113,17,1,5
BRDA:118,18,0,2
BRDA:118,18,1,3
BRDA:122,19,0,0
BRDA:122,19,1,5
BRDA:122,20,0,5
BRDA:122,20,1,5
BRDA:129,21,0,0
BRDA:129,21,1,5
BRDA:130,22,0,0
BRDA:130,22,1,5
BRDA:131,23,0,5
BRDA:131,23,1,0
BRDA:136,24,0,0
BRDA:136,24,1,6
BRDA:137,25,0,0
BRDA:137,25,1,6
BRDA:140,26,0,5
BRDA:140,26,1,1
BRDA:148,27,0,2
BRDA:148,27,1,12
BRDA:152,28,0,10
BRDA:152,28,1,2
BRDA:152,29,0,12
BRDA:152,29,1,11
BRDA:157,30,0,2
BRDA:157,30,1,8
BRDA:159,31,0,1
BRDA:159,31,1,1
BRDA:169,32,0,3
BRDA:169,32,1,6
BRDA:169,33,0,9
BRDA:169,33,1,6
BRDA:171,34,0,1
BRDA:171,34,1,2
BRDA:179,35,0,1
BRDA:179,35,1,0
BRDA:179,36,0,1
BRDA:179,36,1,1
BRDA:184,37,0,1
BRDA:184,37,1,5
BRDA:184,38,0,6
BRDA:184,38,1,6
BRDA:197,39,0,4
BRDA:197,39,1,1
BRDA:198,40,0,3
BRDA:198,40,1,1
BRDA:198,41,0,10
BRDA:198,41,1,3
BRDA:199,42,0,2
BRDA:199,42,1,2
BRDA:199,43,0,10
BRDA:199,43,1,3
BRDA:201,44,0,1
BRDA:201,44,1,3
BRDA:201,45,0,10
BRDA:201,45,1,1
BRDA:208,46,0,2
BRDA:208,46,1,8
BRDA:211,47,0,1
BRDA:211,47,1,1
BRDA:213,48,0,1
BRDA:213,48,1,3
BRDA:216,49,0,1
BRDA:216,49,1,0
BRDA:219,50,0,1
BRDA:219,50,1,3
BRDA:219,51,0,4
BRDA:219,51,1,2
BRDA:220,52,0,1
BRDA:220,52,1,0
BRDA:220,53,0,1
BRDA:220,53,1,1
BRDA:223,54,0,1
BRDA:223,54,1,0
BRDA:225,55,0,1
BRDA:225,55,1,0
BRDA:225,56,0,1
BRDA:225,56,1,1
BRDA:228,57,0,1
BRDA:228,57,1,0
BRDA:232,58,0,1
BRDA:232,58,1,3
BRDA:234,59,0,1
BRDA:234,59,1,0
BRDA:237,60,0,1
BRDA:237,60,1,0
BRDA:243,61,0,1
BRDA:243,61,1,3
BRDA:244,62,0,1
BRDA:244,62,1,3
BRDA:246,63,0,1
BRDA:246,63,1,2
BRDA:250,64,0,1
BRDA:250,64,1,3
BRDA:252,65,0,1
BRDA:252,65,1,0
BRDA:257,66,0,1
BRDA:257,66,1,3
BRDA:264,67,0,1
BRDA:264,67,1,1
BRF:136
BRH:110
end_of_record
TN:
SF:plugins/cursor/plugin.js
FN:1,(anonymous_0)
FN:8,lineText
FN:14,lineProgress
FN:18,lineBadge
FN:24,formatPlanLabel
FN:27,(anonymous_5)
FN:32,readStateValue
FN:47,connectPost
FN:61,dollarsFromCents
FN:66,formatResetDate
FN:75,probe
FNF:11
FNH:11
FNDA:10,(anonymous_0)
FNDA:2,lineText
FNDA:6,lineProgress
FNDA:10,lineBadge
FNDA:3,formatPlanLabel
FNDA:4,(anonymous_5)
FNDA:12,readStateValue
FNDA:14,connectPost
FNDA:13,dollarsFromCents
FNDA:1,formatResetDate
FNDA:12,probe
DA:1,10
DA:3,10
DA:4,10
DA:5,10
DA:6,10
DA:9,2
DA:10,2
DA:11,2
DA:15,6
DA:19,10
DA:20,10
DA:21,10
DA:25,3
DA:26,3
DA:27,2
DA:28,4
DA:33,12
DA:35,12
DA:36,12
DA:37,12
DA:38,12
DA:39,10
DA:42,1
DA:44,2
DA:48,14
DA:62,13
DA:63,13
DA:67,1
DA:68,1
DA:72,1
DA:76,12
DA:77,12
DA:78,2
DA:82,10
DA:83,10
DA:85,1
DA:88,9
DA:89,1
DA:92,8
DA:93,1
DA:97,7
DA:98,7
DA:100,1
DA:103,6
DA:104,2
DA:107,4
DA:108,4
DA:109,4
DA:110,4
DA:111,3
DA:112,3
DA:113,3
DA:117,1
DA:120,4
DA:121,4
DA:122,3
DA:123,3
DA:124,2
DA:128,4
DA:129,4
DA:133,4
DA:134,1
DA:137,4
DA:138,4
DA:139,2
DA:140,2
DA:141,2
DA:142,2
DA:143,2
DA:149,4
DA:150,1
DA:153,4
DA:156,10
LF:73
LH:73
BRDA:10,0,0,0
BRDA:10,0,1,2
BRDA:20,1,0,10
BRDA:20,1,1,0
BRDA:25,2,0,3
BRDA:25,2,1,0
BRDA:26,3,0,1
BRDA:26,3,1,2
BRDA:38,4,0,10
BRDA:38,4,1,2
BRDA:38,5,0,12
BRDA:38,5,1,10
BRDA:77,6,0,2
BRDA:77,6,1,10
BRDA:88,7,0,1
BRDA:88,7,1,8
BRDA:88,8,0,9
BRDA:88,8,1,8
BRDA:92,9,0,1
BRDA:92,9,1,7
BRDA:92,10,0,8
BRDA:92,10,1,8
BRDA:103,11,0,2
BRDA:103,11,1,4
BRDA:103,12,0,6
BRDA:103,12,1,5
BRDA:110,13,0,3
BRDA:110,13,1,1
BRDA:110,14,0,4
BRDA:110,14,1,3
BRDA:112,15,0,3
BRDA:112,15,1,0
BRDA:112,16,0,3
BRDA:112,16,1,3
BRDA:121,17,0,3
BRDA:121,17,1,1
BRDA:123,18,0,2
BRDA:123,18,1,1
BRDA:133,19,0,1
BRDA:133,19,1,3
BRDA:133,20,0,4
BRDA:133,20,1,1
BRDA:138,21,0,2
BRDA:138,21,1,2
BRDA:139,22,0,2
BRDA:139,22,1,1
BRDA:139,22,2,0
BRDA:140,23,0,2
BRDA:140,23,1,1
BRDA:140,23,2,0
BRDA:141,24,0,2
BRDA:141,24,1,0
BRDA:149,25,0,1
BRDA:149,25,1,3
BRF:54
BRH:47
end_of_record
TN:
SF:plugins/mock/plugin.js
FN:1,(anonymous_0)
FN:9,lineText
FN:15,lineProgress
FN:19,lineBadge
FN:25,safeString
FN:36,readJson
FN:46,writeJson
FN:52,readConfig
FN:73,chooseChaosCase
FN:108,writeLastCase
FN:112,probe
FN:153,(anonymous_11)
FNF:12
FNH:12
FNDA:7,(anonymous_0)
FNDA:22,lineText
FNDA:2,lineProgress
FNDA:30,lineBadge
FNDA:23,safeString
FNDA:24,readJson
FNDA:9,writeJson
FNDA:21,readConfig
FNDA:3,chooseChaosCase
FNDA:3,writeLastCase
FNDA:21,probe
FNDA:1,(anonymous_11)
DA:1,7
DA:2,7
DA:10,22
DA:11,22
DA:12,22
DA:16,2
DA:20,30
DA:21,30
DA:22,30
DA:26,23
DA:27,23
DA:28,23
DA:29,23
DA:30,2
DA:32,0
DA:37,24
DA:38,24
DA:39,20
DA:40,20
DA:42,1
DA:47,9
DA:48,9
DA:53,21
DA:56,21
DA:57,2
DA:58,2
DA:61,19
DA:62,21
DA:65,21
DA:66,1
DA:67,1
DA:70,18
DA:74,3
DA:75,3
DA:76,3
DA:77,3
DA:79,3
DA:101,3
DA:102,3
DA:104,3
DA:105,3
DA:109,3
DA:113,21
DA:114,21
DA:115,21
DA:116,21
DA:117,21
DA:119,21
DA:120,21
DA:121,3
DA:122,3
DA:123,3
DA:127,21
DA:132,21
DA:133,1
DA:144,20
DA:145,1
DA:148,19
DA:149,1
DA:152,18
DA:153,1
DA:158,17
DA:159,1
DA:162,16
DA:163,1
DA:166,15
DA:167,1
DA:175,14
DA:177,1
DA:182,13
DA:184,1
DA:192,12
DA:195,4
DA:204,8
DA:207,1
DA:216,7
DA:219,1
DA:228,6
DA:230,1
DA:239,5
DA:241,1
DA:242,1
DA:245,4
DA:247,1
DA:252,1
DA:255,3
DA:257,1
DA:258,1
DA:262,2
DA:270,7
LF:90
LH:89
BRDA:11,0,0,0
BRDA:11,0,1,22
BRDA:21,1,0,30
BRDA:21,1,1,0
BRDA:27,2,0,0
BRDA:27,2,1,23
BRDA:28,3,0,0
BRDA:28,3,1,23
BRDA:29,4,0,21
BRDA:29,4,1,2
BRDA:38,5,0,4
BRDA:38,5,1,20
BRDA:56,6,0,2
BRDA:56,6,1,19
BRDA:56,7,0,21
BRDA:56,7,1,19
BRDA:61,8,0,18
BRDA:61,8,1,1
BRDA:62,9,0,21
BRDA:62,9,1,0
BRDA:65,10,0,1
BRDA:65,10,1,20
BRDA:65,11,0,21
BRDA:65,11,1,1
BRDA:76,12,0,3
BRDA:76,12,1,0
BRDA:77,13,0,3
BRDA:77,13,1,0
BRDA:77,14,0,3
BRDA:77,14,1,3
BRDA:116,15,0,21
BRDA:116,15,1,0
BRDA:117,16,0,18
BRDA:117,16,1,3
BRDA:120,17,0,3
BRDA:120,17,1,18
BRDA:132,18,0,1
BRDA:132,18,1,20
BRDA:136,19,0,0
BRDA:136,19,1,1
BRDA:144,20,0,1
BRDA:144,20,1,19
BRDA:148,21,0,1
BRDA:148,21,1,18
BRDA:152,22,0,1
BRDA:152,22,1,17
BRDA:158,23,0,1
BRDA:158,23,1,16
BRDA:162,24,0,1
BRDA:162,24,1,15
BRDA:166,25,0,1
BRDA:166,25,1,14
BRDA:175,26,0,1
BRDA:175,26,1,13
BRDA:182,27,0,1
BRDA:182,27,1,12
BRDA:192,28,0,4
BRDA:192,28,1,8
BRDA:204,29,0,1
BRDA:204,29,1,7
BRDA:216,30,0,1
BRDA:216,30,1,6
BRDA:228,31,0,1
BRDA:228,31,1,5
BRDA:239,32,0,1
BRDA:239,32,1,4
BRDA:245,33,0,1
BRDA:245,33,1,3
BRDA:255,34,0,1
BRDA:255,34,1,2
BRF:70
BRH:61
end_of_record
TN:
SF:src/App.tsx
FN:33,App
FN:45,(anonymous_1)
FN:48,(anonymous_2)
FN:50,(anonymous_3)
FN:51,(anonymous_4)
FN:57,(anonymous_5)
FN:61,(anonymous_6)
FN:68,(anonymous_7)
FN:75,(anonymous_8)
FN:79,(anonymous_9)
FN:85,(anonymous_10)
FN:85,(anonymous_11)
FN:86,(anonymous_12)
FN:90,(anonymous_13)
FN:95,(anonymous_14)
FN:99,(anonymous_15)
FN:143,(anonymous_16)
FN:148,(anonymous_17)
FN:151,(anonymous_18)
FN:160,(anonymous_19)
FN:161,(anonymous_20)
FN:171,(anonymous_21)
FN:172,(anonymous_22)
FN:186,(anonymous_23)
FN:192,(anonymous_24)
FN:208,(anonymous_25)
FN:215,(anonymous_26)
FN:218,(anonymous_27)
FN:254,(anonymous_28)
FN:259,(anonymous_29)
FN:264,(anonymous_30)
FN:274,(anonymous_31)
FN:281,(anonymous_32)
FN:285,(anonymous_33)
FN:293,(anonymous_34)
FN:295,(anonymous_35)
FN:297,(anonymous_36)
FN:306,(anonymous_37)
FN:312,(anonymous_38)
FN:319,(anonymous_39)
FN:327,(anonymous_40)
FN:335,(anonymous_41)
FN:349,(anonymous_42)
FNF:43
FNH:38
FNDA:54,App
FNDA:51,(anonymous_1)
FNDA:66,(anonymous_2)
FNDA:66,(anonymous_3)
FNDA:52,(anonymous_4)
FNDA:52,(anonymous_5)
FNDA:51,(anonymous_6)
FNDA:31,(anonymous_7)
FNDA:51,(anonymous_8)
FNDA:52,(anonymous_9)
FNDA:0,(anonymous_10)
FNDA:0,(anonymous_11)
FNDA:1,(anonymous_12)
FNDA:18,(anonymous_13)
FNDA:52,(anonymous_14)
FNDA:52,(anonymous_15)
FNDA:0,(anonymous_16)
FNDA:35,(anonymous_17)
FNDA:6,(anonymous_18)
FNDA:24,(anonymous_19)
FNDA:24,(anonymous_20)
FNDA:2,(anonymous_21)
FNDA:2,(anonymous_22)
FNDA:6,(anonymous_23)
FNDA:6,(anonymous_24)
FNDA:1,(anonymous_25)
FNDA:18,(anonymous_26)
FNDA:18,(anonymous_27)
FNDA:1,(anonymous_28)
FNDA:6,(anonymous_29)
FNDA:8,(anonymous_30)
FNDA:1,(anonymous_31)
FNDA:1,(anonymous_32)
FNDA:0,(anonymous_33)
FNDA:40,(anonymous_34)
FNDA:44,(anonymous_35)
FNDA:44,(anonymous_36)
FNDA:44,(anonymous_37)
FNDA:2,(anonymous_38)
FNDA:1,(anonymous_39)
FNDA:3,(anonymous_40)
FNDA:0,(anonymous_41)
FNDA:1,(anonymous_42)
DA:20,2
DA:22,2
DA:23,2
DA:24,2
DA:34,54
DA:35,54
DA:36,54
DA:37,54
DA:38,54
DA:39,54
DA:40,54
DA:43,54
DA:45,54
DA:46,51
DA:47,33
DA:48,66
DA:49,33
DA:50,66
DA:52,52
DA:53,52
DA:54,52
DA:55,52
DA:57,52
DA:61,54
DA:63,51
DA:64,51
DA:65,33
DA:66,33
DA:67,31
DA:68,31
DA:69,31
DA:70,31
DA:75,54
DA:76,51
DA:77,33
DA:78,33
DA:79,33
DA:80,52
DA:81,52
DA:83,33
DA:85,1
DA:86,1
DA:90,54
DA:91,18
DA:95,54
DA:96,52
DA:97,52
DA:99,52
DA:100,52
DA:102,52
DA:103,52
DA:105,52
DA:106,52
DA:107,52
DA:108,52
DA:109,52
DA:110,51
DA:111,51
DA:117,52
DA:118,1
DA:119,1
DA:120,1
DA:123,52
DA:124,19
DA:125,19
DA:128,52
DA:129,52
DA:131,52
DA:132,52
DA:133,52
DA:135,1
DA:140,52
DA:143,52
DA:144,0
DA:146,52
DA:148,52
DA:151,54
DA:152,6
DA:153,6
DA:154,6
DA:155,1
DA:157,5
DA:160,54
DA:161,24
DA:162,24
DA:163,24
DA:164,39
DA:165,39
DA:167,24
DA:171,54
DA:172,2
DA:173,2
DA:174,2
DA:175,4
DA:176,4
DA:178,2
DA:183,54
DA:185,54
DA:187,6
DA:188,6
DA:189,6
DA:190,2
DA:192,6
DA:208,54
DA:210,54
DA:215,54
DA:216,18
DA:218,18
DA:219,18
DA:220,18
DA:221,17
DA:222,17
DA:224,17
DA:225,17
DA:230,17
DA:231,12
DA:234,17
DA:235,17
DA:236,17
DA:237,17
DA:238,17
DA:239,17
DA:241,1
DA:242,1
DA:243,1
DA:248,1
DA:252,18
DA:254,18
DA:255,1
DA:259,54
DA:260,6
DA:261,6
DA:263,6
DA:264,6
DA:265,8
DA:266,8
DA:268,6
DA:270,5
DA:271,7
DA:273,5
DA:274,5
DA:275,1
DA:276,1
DA:280,54
DA:283,1
DA:284,1
DA:285,1
DA:286,0
DA:287,0
DA:293,54
DA:294,40
DA:295,44
DA:296,22
DA:298,44
DA:299,44
DA:300,44
DA:307,44
DA:311,54
DA:313,2
DA:314,2
DA:318,2
DA:319,2
DA:320,1
DA:326,54
DA:328,3
DA:329,3
DA:330,3
DA:332,3
DA:333,1
DA:334,1
DA:335,1
DA:336,0
DA:337,0
DA:340,2
DA:344,3
DA:348,3
DA:349,3
DA:350,1
DA:356,54
LF:179
LH:174
BRDA:46,0,0,18
BRDA:46,0,1,33
BRDA:53,1,0,0
BRDA:53,1,1,52
BRDA:54,2,0,52
BRDA:54,2,1,0
BRDA:64,3,0,18
BRDA:64,3,1,33
BRDA:66,4,0,2
BRDA:66,4,1,31
BRDA:70,5,0,31
BRDA:70,5,1,4
BRDA:76,6,0,18
BRDA:76,6,1,33
BRDA:81,7,0,52
BRDA:81,7,1,4
BRDA:83,8,0,32
BRDA:83,8,1,1
BRDA:97,9,0,0
BRDA:97,9,1,52
BRDA:109,10,0,51
BRDA:109,10,1,1
BRDA:117,11,0,1
BRDA:117,11,1,51
BRDA:118,12,0,1
BRDA:118,12,1,1
BRDA:123,13,0,19
BRDA:123,13,1,33
BRDA:152,14,0,0
BRDA:152,14,1,6
BRDA:154,15,0,1
BRDA:154,15,1,5
BRDA:154,16,0,6
BRDA:154,16,1,1
BRDA:155,17,0,1
BRDA:155,17,1,0
BRDA:165,18,0,39
BRDA:165,18,1,38
BRDA:176,19,0,4
BRDA:176,19,1,4
BRDA:189,20,0,2
BRDA:189,20,1,4
BRDA:195,21,0,1
BRDA:195,21,1,5
BRDA:199,22,0,2
BRDA:199,22,1,4
BRDA:199,23,0,6
BRDA:199,23,1,5
BRDA:201,24,0,4
BRDA:201,24,1,3
BRDA:221,25,0,0
BRDA:221,25,1,17
BRDA:230,26,0,12
BRDA:230,26,1,5
BRDA:234,27,0,17
BRDA:234,27,1,0
BRDA:242,28,0,1
BRDA:242,28,1,0
BRDA:260,29,0,0
BRDA:260,29,1,6
BRDA:266,30,0,8
BRDA:266,30,1,1
BRDA:268,31,0,1
BRDA:268,31,1,5
BRDA:294,32,0,18
BRDA:294,32,1,22
BRDA:299,33,0,0
BRDA:299,33,1,44
BRDA:313,34,0,0
BRDA:313,34,1,2
BRDA:328,35,0,0
BRDA:328,35,1,3
BRDA:332,36,0,1
BRDA:332,36,1,2
BRDA:360,37,0,36
BRDA:360,37,1,18
BRDA:366,38,0,44
BRDA:366,38,1,10
BRF:78
BRH:66
end_of_record
TN:
SF:src/main.tsx
FNF:0
FNH:0
DA:6,1
LF:1
LH:1
BRF:0
BRH:0
end_of_record
TN:
SF:src/components/panel-footer.tsx
FN:10,PanelFooter
FN:17,(anonymous_1)
FNF:2
FNH:2
FNDA:56,PanelFooter
FNDA:43,(anonymous_1)
DA:11,56
DA:18,43
LF:2
LH:2
BRDA:14,0,0,23
BRDA:14,0,1,33
BRF:2
BRH:2
end_of_record
TN:
SF:src/components/panel-header.tsx
FN:10,PanelHeader
FN:12,(anonymous_1)
FNF:2
FNH:2
FNDA:55,PanelHeader
FNDA:2,(anonymous_1)
DA:11,55
DA:12,2
LF:2
LH:2
BRF:0
BRH:0
end_of_record
TN:
SF:src/components/plugin-error.tsx
FN:10,PluginError
FNF:1
FNH:1
FNDA:8,PluginError
DA:11,8
LF:1
LH:1
BRDA:16,0,0,8
BRDA:16,0,1,7
BRF:2
BRH:2
end_of_record
TN:
SF:src/components/provider-card.tsx
FN:25,formatNumber
FN:31,formatProgressValue
FN:45,getProgressPercent
FN:50,ProviderCard
FN:64,(anonymous_4)
FN:71,(anonymous_5)
FN:73,(anonymous_6)
FN:75,(anonymous_7)
FN:84,(anonymous_8)
FN:118,(anonymous_9)
FN:140,(anonymous_10)
FN:168,(anonymous_11)
FN:179,MetricLineRenderer
FNF:13
FNH:11
FNDA:6,formatNumber
FNDA:7,formatProgressValue
FNDA:5,getProgressPercent
FNDA:58,ProviderCard
FNDA:42,(anonymous_4)
FNDA:0,(anonymous_5)
FNDA:0,(anonymous_6)
FNDA:1,(anonymous_7)
FNDA:3,(anonymous_8)
FNDA:3,(anonymous_9)
FNDA:2,(anonymous_10)
FNDA:11,(anonymous_11)
FNDA:11,MetricLineRenderer
DA:26,6
DA:27,5
DA:28,4
DA:32,7
DA:33,2
DA:34,2
DA:36,5
DA:37,2
DA:39,3
DA:40,2
DA:42,1
DA:46,5
DA:47,4
DA:61,58
DA:64,58
DA:65,42
DA:66,4
DA:67,4
DA:70,3
DA:71,3
DA:73,3
DA:75,3
DA:76,1
DA:77,1
DA:81,58
DA:84,58
DA:85,3
DA:86,3
DA:87,3
DA:88,3
DA:89,3
DA:90,3
DA:91,3
DA:92,1
DA:94,2
DA:97,58
DA:119,3
DA:141,2
DA:142,2
DA:169,11
DA:180,11
DA:181,6
DA:195,5
DA:196,1
DA:215,4
DA:216,3
DA:217,3
DA:234,1
LF:48
LH:48
BRDA:26,0,0,1
BRDA:26,0,1,5
BRDA:27,1,0,1
BRDA:27,1,1,4
BRDA:32,2,0,2
BRDA:32,2,1,5
BRDA:32,3,0,7
BRDA:32,3,1,7
BRDA:36,4,0,2
BRDA:36,4,1,3
BRDA:39,5,0,2
BRDA:39,5,1,1
BRDA:46,6,0,1
BRDA:46,6,1,4
BRDA:46,7,0,5
BRDA:46,7,1,5
BRDA:46,7,2,5
BRDA:53,8,0,58
BRDA:54,9,0,58
BRDA:55,10,0,58
BRDA:56,11,0,58
BRDA:57,12,0,58
BRDA:65,13,0,38
BRDA:65,13,1,4
BRDA:67,14,0,1
BRDA:67,14,1,3
BRDA:81,15,0,4
BRDA:81,15,1,54
BRDA:85,16,0,0
BRDA:85,16,1,3
BRDA:87,17,0,0
BRDA:87,17,1,3
BRDA:91,18,0,1
BRDA:91,18,1,2
BRDA:103,19,0,58
BRDA:103,19,1,53
BRDA:104,20,0,40
BRDA:104,20,1,13
BRDA:114,21,0,3
BRDA:114,21,1,10
BRDA:158,22,0,58
BRDA:158,22,1,6
BRDA:162,23,0,58
BRDA:162,23,1,41
BRDA:162,23,2,41
BRDA:166,24,0,58
BRDA:166,24,1,17
BRDA:166,24,2,11
BRDA:174,25,0,58
BRDA:174,25,1,32
BRDA:180,26,0,6
BRDA:180,26,1,5
BRDA:186,27,0,0
BRDA:186,27,1,6
BRDA:195,28,0,1
BRDA:195,28,1,4
BRDA:203,29,0,0
BRDA:203,29,1,1
BRDA:215,30,0,3
BRDA:215,30,1,1
BRF:60
BRH:56
end_of_record
TN:
SF:src/components/skeleton-lines.tsx
FN:4,SkeletonText
FN:13,SkeletonBadge
FN:22,SkeletonProgress
FN:34,SkeletonLine
FN:47,SkeletonLines
FN:50,(anonymous_5)
FNF:6
FNH:6
FNDA:22,SkeletonText
FNDA:2,SkeletonBadge
FNDA:1,SkeletonProgress
FNDA:25,SkeletonLine
FNDA:42,SkeletonLines
FNDA:24,(anonymous_5)
DA:5,22
DA:14,2
DA:23,1
DA:35,25
DA:37,21
DA:39,2
DA:41,1
DA:43,1
DA:48,42
DA:51,24
LF:10
LH:10
BRDA:35,0,0,21
BRDA:35,0,1,2
BRDA:35,0,2,1
BRDA:35,0,3,1
BRF:4
BRH:4
end_of_record
TN:
SF:src/components/ui/alert.tsx
FN:24,(anonymous_0)
FN:37,(anonymous_1)
FNF:2
FNH:2
FNDA:9,(anonymous_0)
FNDA:9,(anonymous_1)
DA:5,6
DA:21,6
DA:25,9
DA:32,6
DA:34,6
DA:38,9
DA:44,6
LF:7
LH:7
BRF:0
BRH:0
end_of_record
TN:
SF:src/components/ui/badge.tsx
FN:22,Badge
FNF:1
FNH:1
FNDA:3,Badge
DA:6,5
DA:27,3
LF:2
LH:2
BRF:0
BRH:0
end_of_record
TN:
SF:src/components/ui/button.tsx
FN:36,Button
FNF:1
FNH:1
FNDA:138,Button
DA:6,7
DA:42,138
LF:2
LH:2
BRDA:38,0,0,138
BRDA:39,1,0,138
BRF:2
BRH:2
end_of_record
TN:
SF:src/components/ui/checkbox.tsx
FN:11,Checkbox
FNF:1
FNH:1
FNDA:26,Checkbox
DA:12,26
LF:1
LH:1
BRF:0
BRH:0
end_of_record
TN:
SF:src/components/ui/progress.tsx
FN:11,(anonymous_0)
FNF:1
FNH:1
FNDA:5,(anonymous_0)
DA:10,5
DA:12,5
DA:13,5
DA:17,5
DA:35,5
LF:5
LH:5
BRDA:11,0,0,5
BRDA:13,1,0,1
BRDA:13,1,1,4
BRF:3
BRH:3
end_of_record
TN:
SF:src/components/ui/separator.tsx
FN:5,Separator
FNF:1
FNH:1
FNDA:34,Separator
DA:10,34
LF:1
LH:1
BRDA:7,0,0,34
BRF:1
BRH:1
end_of_record
TN:
SF:src/components/ui/skeleton.tsx
FN:3,Skeleton
FNF:1
FNH:1
FNDA:27,Skeleton
DA:7,27
LF:1
LH:1
BRF:0
BRH:0
end_of_record
TN:
SF:src/components/ui/tabs.tsx
FN:8,Tabs
FN:41,TabsList
FN:56,TabsTrigger
FN:72,TabsContent
FNF:4
FNH:4
FNDA:56,Tabs
FNDA:56,TabsList
FNDA:111,TabsTrigger
FNDA:1,TabsContent
DA:13,56
DA:26,4
DA:46,56
DA:57,111
DA:73,1
LF:5
LH:5
BRDA:10,0,0,56
BRDA:43,1,0,56
BRF:2
BRH:2
end_of_record
TN:
SF:src/components/ui/tooltip.tsx
FN:5,TooltipProvider
FN:18,Tooltip
FN:26,TooltipTrigger
FN:30,TooltipContent
FNF:4
FNH:4
FNDA:24,TooltipProvider
FNDA:24,Tooltip
FNDA:24,TooltipTrigger
FNDA:24,TooltipContent
DA:9,24
DA:19,24
DA:27,24
DA:43,24
LF:4
LH:4
BRDA:6,0,0,24
BRDA:32,1,0,24
BRDA:33,2,0,24
BRDA:34,3,0,24
BRDA:35,4,0,24
BRF:5
BRH:5
end_of_record
TN:
SF:src/hooks/use-probe-events.ts
FN:25,useProbeEvents
FN:31,(anonymous_1)
FN:35,(anonymous_2)
FN:39,(anonymous_3)
FN:40,(anonymous_4)
FN:53,(anonymous_5)
FN:74,(anonymous_6)
FN:76,(anonymous_7)
FN:83,(anonymous_8)
FNF:9
FNH:8
FNDA:9,useProbeEvents
FNDA:9,(anonymous_1)
FNDA:9,(anonymous_2)
FNDA:9,(anonymous_3)
FNDA:3,(anonymous_4)
FNDA:2,(anonymous_5)
FNDA:3,(anonymous_6)
FNDA:0,(anonymous_7)
FNDA:7,(anonymous_8)
DA:26,9
DA:27,9
DA:28,9
DA:29,9
DA:31,9
DA:32,9
DA:35,9
DA:36,9
DA:39,9
DA:40,9
DA:41,3
DA:42,1
DA:46,9
DA:47,2
DA:48,2
DA:51,7
DA:54,2
DA:55,1
DA:60,7
DA:61,1
DA:62,1
DA:63,1
DA:66,6
DA:69,6
DA:72,9
DA:74,9
DA:75,3
DA:76,3
DA:77,3
DA:78,3
DA:79,3
DA:83,9
DA:85,7
DA:86,6
DA:90,7
DA:94,7
DA:95,7
DA:98,7
DA:99,7
DA:100,6
DA:102,1
DA:103,1
DA:107,9
LF:43
LH:43
BRDA:41,0,0,1
BRDA:41,0,1,2
BRDA:46,1,0,2
BRDA:46,1,1,7
BRDA:54,2,0,1
BRDA:54,2,1,1
BRDA:60,3,0,1
BRDA:60,3,1,6
BRDA:85,4,0,6
BRDA:85,4,1,1
BRDA:90,5,0,6
BRDA:90,5,1,1
BRDA:90,6,0,7
BRDA:90,6,1,6
BRDA:95,7,0,4
BRDA:95,7,1,3
BRF:16
BRH:16
end_of_record
TN:
SF:src/lib/plugin-types.ts
FNF:0
FNH:0
LF:0
LH:0
BRF:0
BRH:0
end_of_record
TN:
SF:src/lib/settings.ts
FN:23,loadPluginSettings
FN:32,savePluginSettings
FN:37,normalizePluginSettings
FN:41,(anonymous_3)
FN:58,(anonymous_4)
FN:62,arePluginSettingsEqual
FN:77,getEnabledPluginIds
FN:79,(anonymous_7)
FNF:8
FNH:8
FNDA:3,loadPluginSettings
FNDA:1,savePluginSettings
FNDA:18,normalizePluginSettings
FNDA:36,(anonymous_3)
FNDA:6,(anonymous_4)
FNDA:19,arePluginSettingsEqual
FNDA:90,getEnabledPluginIds
FNDA:180,(anonymous_7)
DA:5,5
DA:13,5
DA:14,5
DA:16,5
DA:18,5
DA:24,3
DA:25,3
DA:26,2
DA:33,1
DA:34,1
DA:41,36
DA:42,18
DA:44,18
DA:45,18
DA:46,18
DA:47,25
DA:48,23
DA:49,23
DA:51,18
DA:52,36
DA:53,13
DA:54,13
DA:58,18
DA:59,18
DA:66,19
DA:67,7
DA:68,7
DA:69,12
DA:71,6
DA:72,4
DA:74,6
DA:78,90
DA:79,180
LF:33
LH:33
BRDA:25,0,0,1
BRDA:25,0,1,2
BRDA:27,1,0,2
BRDA:27,1,1,0
BRDA:28,2,0,1
BRDA:28,2,1,1
BRDA:47,3,0,2
BRDA:47,3,1,23
BRDA:47,4,0,25
BRDA:47,4,1,24
BRDA:52,5,0,13
BRDA:52,5,1,23
BRDA:66,6,0,12
BRDA:66,6,1,7
BRDA:67,7,0,0
BRDA:67,7,1,7
BRDA:69,8,0,1
BRDA:69,8,1,11
BRDA:72,9,0,0
BRDA:72,9,1,4
BRF:20
BRH:17
end_of_record
TN:
SF:src/lib/utils.ts
FN:4,cn
FNF:1
FNH:1
FNDA:551,cn
DA:5,551
LF:1
LH:1
BRF:0
BRH:0
end_of_record
TN:
SF:src/pages/overview.tsx
FN:17,OverviewPage
FN:28,(anonymous_1)
FN:39,(anonymous_2)
FNF:3
FNH:3
FNDA:46,OverviewPage
FNDA:47,(anonymous_1)
FNDA:1,(anonymous_2)
DA:18,46
DA:19,21
DA:26,25
DA:29,47
DA:39,1
LF:5
LH:5
BRDA:18,0,0,21
BRDA:18,0,1,25
BRDA:36,1,0,47
BRDA:36,1,1,44
BRDA:39,2,0,1
BRDA:39,2,1,1
BRF:6
BRH:6
end_of_record
TN:
SF:src/pages/settings.tsx
FN:28,SortablePluginItem
FN:80,(anonymous_1)
FN:92,SettingsPage
FN:104,(anonymous_3)
FN:108,(anonymous_4)
FN:109,(anonymous_5)
FN:112,(anonymous_6)
FN:127,(anonymous_7)
FN:130,(anonymous_8)
FNF:9
FNH:9
FNDA:25,SortablePluginItem
FNDA:4,(anonymous_1)
FNDA:13,SettingsPage
FNDA:5,(anonymous_3)
FNDA:4,(anonymous_4)
FNDA:5,(anonymous_5)
FNDA:6,(anonymous_6)
FNDA:25,(anonymous_7)
FNDA:25,(anonymous_8)
DA:42,25
DA:44,25
DA:49,25
DA:80,4
DA:97,13
DA:104,13
DA:105,5
DA:107,5
DA:108,4
DA:109,5
DA:110,3
DA:111,3
DA:112,6
DA:116,13
DA:127,25
DA:131,25
LF:16
LH:16
BRDA:56,0,0,25
BRDA:56,0,1,0
BRDA:71,1,0,25
BRDA:71,1,1,11
BRDA:107,2,0,3
BRDA:107,2,1,2
BRDA:107,3,0,5
BRDA:107,3,1,4
BRDA:110,4,0,0
BRDA:110,4,1,3
BRDA:110,5,0,3
BRDA:110,5,1,3
BRF:12
BRH:10
end_of_record
